1743091703.298343 client started (380761): version 3.5a, socket /tmp/tmux-1000/default, protocol 8
1743091703.298363 on Linux 6.13.7-arch1-1 #1 SMP PREEMPT_DYNAMIC Thu, 13 Mar 2025 18:12:00 +0000
1743091703.298368 using libevent 2.1.12-stable poll
1743091703.298370 using ncurses 6.5 20240427
1743091703.298382 flags are 0x10010000
1743091703.298390 socket is /tmp/tmux-1000/default
1743091703.298397 trying connect
1743091703.298458 add peer 0x55c08cf96fe0: 6 ((nil))
1743091703.298713 sending message 111 to peer 0x55c08cf96fe0 (8 bytes)
1743091703.298718 sending message 111 to peer 0x55c08cf96fe0 (8 bytes)
1743091703.298720 sending message 101 to peer 0x55c08cf96fe0 (10 bytes)
1743091703.298722 sending message 109 to peer 0x55c08cf96fe0 (4 bytes)
1743091703.298724 sending message 102 to peer 0x55c08cf96fe0 (11 bytes)
1743091703.298726 sending message 108 to peer 0x55c08cf96fe0 (43 bytes)
1743091703.298729 sending message 112 to peer 0x55c08cf96fe0 (58 bytes)
1743091703.298731 sending message 112 to peer 0x55c08cf96fe0 (5 bytes)
1743091703.298733 sending message 112 to peer 0x55c08cf96fe0 (5 bytes)
1743091703.298735 sending message 112 to peer 0x55c08cf96fe0 (6 bytes)
1743091703.298737 sending message 112 to peer 0x55c08cf96fe0 (6 bytes)
1743091703.298739 sending message 112 to peer 0x55c08cf96fe0 (11 bytes)
1743091703.298741 sending message 112 to peer 0x55c08cf96fe0 (10 bytes)
1743091703.298743 sending message 112 to peer 0x55c08cf96fe0 (13 bytes)
1743091703.298745 sending message 112 to peer 0x55c08cf96fe0 (14 bytes)
1743091703.298747 sending message 112 to peer 0x55c08cf96fe0 (19 bytes)
1743091703.298749 sending message 112 to peer 0x55c08cf96fe0 (11 bytes)
1743091703.298751 sending message 112 to peer 0x55c08cf96fe0 (10 bytes)
1743091703.298753 sending message 112 to peer 0x55c08cf96fe0 (15 bytes)
1743091703.298755 sending message 112 to peer 0x55c08cf96fe0 (21 bytes)
1743091703.298757 sending message 112 to peer 0x55c08cf96fe0 (13 bytes)
1743091703.298759 sending message 112 to peer 0x55c08cf96fe0 (7 bytes)
1743091703.298762 sending message 112 to peer 0x55c08cf96fe0 (13 bytes)
1743091703.298764 sending message 112 to peer 0x55c08cf96fe0 (7 bytes)
1743091703.298766 sending message 112 to peer 0x55c08cf96fe0 (13 bytes)
1743091703.298768 sending message 112 to peer 0x55c08cf96fe0 (9 bytes)
1743091703.298770 sending message 112 to peer 0x55c08cf96fe0 (21 bytes)
1743091703.298772 sending message 112 to peer 0x55c08cf96fe0 (13 bytes)
1743091703.298774 sending message 112 to peer 0x55c08cf96fe0 (9 bytes)
1743091703.298776 sending message 112 to peer 0x55c08cf96fe0 (16 bytes)
1743091703.298778 sending message 112 to peer 0x55c08cf96fe0 (13 bytes)
1743091703.298780 sending message 112 to peer 0x55c08cf96fe0 (9 bytes)
1743091703.298782 sending message 112 to peer 0x55c08cf96fe0 (9 bytes)
1743091703.298784 sending message 112 to peer 0x55c08cf96fe0 (12 bytes)
1743091703.298786 sending message 112 to peer 0x55c08cf96fe0 (8 bytes)
1743091703.298788 sending message 112 to peer 0x55c08cf96fe0 (8 bytes)
1743091703.298790 sending message 112 to peer 0x55c08cf96fe0 (13 bytes)
1743091703.298792 sending message 112 to peer 0x55c08cf96fe0 (7 bytes)
1743091703.298794 sending message 112 to peer 0x55c08cf96fe0 (7 bytes)
1743091703.298796 sending message 112 to peer 0x55c08cf96fe0 (9 bytes)
1743091703.298798 sending message 112 to peer 0x55c08cf96fe0 (6 bytes)
1743091703.298800 sending message 112 to peer 0x55c08cf96fe0 (9 bytes)
1743091703.298802 sending message 112 to peer 0x55c08cf96fe0 (15 bytes)
1743091703.298804 sending message 112 to peer 0x55c08cf96fe0 (13 bytes)
1743091703.298806 sending message 112 to peer 0x55c08cf96fe0 (12 bytes)
1743091703.298808 sending message 112 to peer 0x55c08cf96fe0 (8 bytes)
1743091703.298810 sending message 112 to peer 0x55c08cf96fe0 (14 bytes)
1743091703.298812 sending message 112 to peer 0x55c08cf96fe0 (11 bytes)
1743091703.298814 sending message 112 to peer 0x55c08cf96fe0 (9 bytes)
1743091703.298816 sending message 112 to peer 0x55c08cf96fe0 (10 bytes)
1743091703.298818 sending message 112 to peer 0x55c08cf96fe0 (10 bytes)
1743091703.298825 sending message 112 to peer 0x55c08cf96fe0 (10 bytes)
1743091703.298827 sending message 112 to peer 0x55c08cf96fe0 (10 bytes)
1743091703.298829 sending message 112 to peer 0x55c08cf96fe0 (11 bytes)
1743091703.298831 sending message 112 to peer 0x55c08cf96fe0 (12 bytes)
1743091703.298833 sending message 112 to peer 0x55c08cf96fe0 (12 bytes)
1743091703.298835 sending message 112 to peer 0x55c08cf96fe0 (12 bytes)
1743091703.298837 sending message 112 to peer 0x55c08cf96fe0 (12 bytes)
1743091703.298839 sending message 112 to peer 0x55c08cf96fe0 (12 bytes)
1743091703.298841 sending message 112 to peer 0x55c08cf96fe0 (11 bytes)
1743091703.298843 sending message 112 to peer 0x55c08cf96fe0 (11 bytes)
1743091703.298845 sending message 112 to peer 0x55c08cf96fe0 (12 bytes)
1743091703.298847 sending message 112 to peer 0x55c08cf96fe0 (12 bytes)
1743091703.298849 sending message 112 to peer 0x55c08cf96fe0 (12 bytes)
1743091703.298851 sending message 112 to peer 0x55c08cf96fe0 (12 bytes)
1743091703.298853 sending message 112 to peer 0x55c08cf96fe0 (12 bytes)
1743091703.298855 sending message 112 to peer 0x55c08cf96fe0 (9 bytes)
1743091703.298857 sending message 112 to peer 0x55c08cf96fe0 (12 bytes)
1743091703.298859 sending message 112 to peer 0x55c08cf96fe0 (13 bytes)
1743091703.298861 sending message 112 to peer 0x55c08cf96fe0 (13 bytes)
1743091703.298863 sending message 112 to peer 0x55c08cf96fe0 (13 bytes)
1743091703.298865 sending message 112 to peer 0x55c08cf96fe0 (13 bytes)
1743091703.298867 sending message 112 to peer 0x55c08cf96fe0 (13 bytes)
1743091703.298869 sending message 112 to peer 0x55c08cf96fe0 (8 bytes)
1743091703.298871 sending message 112 to peer 0x55c08cf96fe0 (11 bytes)
1743091703.298873 sending message 112 to peer 0x55c08cf96fe0 (11 bytes)
1743091703.298875 sending message 112 to peer 0x55c08cf96fe0 (11 bytes)
1743091703.298877 sending message 112 to peer 0x55c08cf96fe0 (12 bytes)
1743091703.298879 sending message 112 to peer 0x55c08cf96fe0 (12 bytes)
1743091703.298881 sending message 112 to peer 0x55c08cf96fe0 (12 bytes)
1743091703.298883 sending message 112 to peer 0x55c08cf96fe0 (12 bytes)
1743091703.298885 sending message 112 to peer 0x55c08cf96fe0 (13 bytes)
1743091703.298887 sending message 112 to peer 0x55c08cf96fe0 (13 bytes)
1743091703.298889 sending message 112 to peer 0x55c08cf96fe0 (13 bytes)
1743091703.298891 sending message 112 to peer 0x55c08cf96fe0 (8 bytes)
1743091703.298893 sending message 112 to peer 0x55c08cf96fe0 (13 bytes)
1743091703.298895 sending message 112 to peer 0x55c08cf96fe0 (13 bytes)
1743091703.298898 sending message 112 to peer 0x55c08cf96fe0 (13 bytes)
1743091703.298899 sending message 112 to peer 0x55c08cf96fe0 (13 bytes)
1743091703.298901 sending message 112 to peer 0x55c08cf96fe0 (13 bytes)
1743091703.298903 sending message 112 to peer 0x55c08cf96fe0 (12 bytes)
1743091703.298905 sending message 112 to peer 0x55c08cf96fe0 (12 bytes)
1743091703.298908 sending message 112 to peer 0x55c08cf96fe0 (12 bytes)
1743091703.298910 sending message 112 to peer 0x55c08cf96fe0 (12 bytes)
1743091703.298912 sending message 112 to peer 0x55c08cf96fe0 (13 bytes)
1743091703.298914 sending message 112 to peer 0x55c08cf96fe0 (8 bytes)
1743091703.298916 sending message 112 to peer 0x55c08cf96fe0 (13 bytes)
1743091703.298918 sending message 112 to peer 0x55c08cf96fe0 (13 bytes)
1743091703.298920 sending message 112 to peer 0x55c08cf96fe0 (13 bytes)
1743091703.298922 sending message 112 to peer 0x55c08cf96fe0 (13 bytes)
1743091703.298924 sending message 112 to peer 0x55c08cf96fe0 (13 bytes)
1743091703.298926 sending message 112 to peer 0x55c08cf96fe0 (13 bytes)
1743091703.298928 sending message 112 to peer 0x55c08cf96fe0 (13 bytes)
1743091703.298930 sending message 112 to peer 0x55c08cf96fe0 (12 bytes)
1743091703.298932 sending message 112 to peer 0x55c08cf96fe0 (12 bytes)
1743091703.298934 sending message 112 to peer 0x55c08cf96fe0 (12 bytes)
1743091703.298936 sending message 112 to peer 0x55c08cf96fe0 (8 bytes)
1743091703.298938 sending message 112 to peer 0x55c08cf96fe0 (12 bytes)
1743091703.298942 sending message 112 to peer 0x55c08cf96fe0 (13 bytes)
1743091703.298944 sending message 112 to peer 0x55c08cf96fe0 (13 bytes)
1743091703.298946 sending message 112 to peer 0x55c08cf96fe0 (13 bytes)
1743091703.298948 sending message 112 to peer 0x55c08cf96fe0 (13 bytes)
1743091703.298950 sending message 112 to peer 0x55c08cf96fe0 (13 bytes)
1743091703.298952 sending message 112 to peer 0x55c08cf96fe0 (13 bytes)
1743091703.298954 sending message 112 to peer 0x55c08cf96fe0 (13 bytes)
1743091703.298956 sending message 112 to peer 0x55c08cf96fe0 (13 bytes)
1743091703.298958 sending message 112 to peer 0x55c08cf96fe0 (12 bytes)
1743091703.298960 sending message 112 to peer 0x55c08cf96fe0 (10 bytes)
1743091703.298962 sending message 112 to peer 0x55c08cf96fe0 (12 bytes)
1743091703.298964 sending message 112 to peer 0x55c08cf96fe0 (12 bytes)
1743091703.298966 sending message 112 to peer 0x55c08cf96fe0 (12 bytes)
1743091703.298968 sending message 112 to peer 0x55c08cf96fe0 (13 bytes)
1743091703.298970 sending message 112 to peer 0x55c08cf96fe0 (13 bytes)
1743091703.298972 sending message 112 to peer 0x55c08cf96fe0 (13 bytes)
1743091703.298974 sending message 112 to peer 0x55c08cf96fe0 (13 bytes)
1743091703.298976 sending message 112 to peer 0x55c08cf96fe0 (13 bytes)
1743091703.298978 sending message 112 to peer 0x55c08cf96fe0 (13 bytes)
1743091703.298980 sending message 112 to peer 0x55c08cf96fe0 (13 bytes)
1743091703.298982 sending message 112 to peer 0x55c08cf96fe0 (10 bytes)
1743091703.298984 sending message 112 to peer 0x55c08cf96fe0 (13 bytes)
1743091703.298986 sending message 112 to peer 0x55c08cf96fe0 (12 bytes)
1743091703.298988 sending message 112 to peer 0x55c08cf96fe0 (12 bytes)
1743091703.298990 sending message 112 to peer 0x55c08cf96fe0 (12 bytes)
1743091703.298992 sending message 112 to peer 0x55c08cf96fe0 (10 bytes)
1743091703.298994 sending message 112 to peer 0x55c08cf96fe0 (10 bytes)
1743091703.298996 sending message 112 to peer 0x55c08cf96fe0 (10 bytes)
1743091703.298998 sending message 112 to peer 0x55c08cf96fe0 (12 bytes)
1743091703.299000 sending message 112 to peer 0x55c08cf96fe0 (13 bytes)
1743091703.299002 sending message 112 to peer 0x55c08cf96fe0 (13 bytes)
1743091703.299004 sending message 112 to peer 0x55c08cf96fe0 (13 bytes)
1743091703.299006 sending message 112 to peer 0x55c08cf96fe0 (13 bytes)
1743091703.299009 sending message 112 to peer 0x55c08cf96fe0 (13 bytes)
1743091703.299011 sending message 112 to peer 0x55c08cf96fe0 (10 bytes)
1743091703.299013 sending message 112 to peer 0x55c08cf96fe0 (11 bytes)
1743091703.299015 sending message 112 to peer 0x55c08cf96fe0 (12 bytes)
1743091703.299016 sending message 112 to peer 0x55c08cf96fe0 (12 bytes)
1743091703.299019 sending message 112 to peer 0x55c08cf96fe0 (12 bytes)
1743091703.299020 sending message 112 to peer 0x55c08cf96fe0 (12 bytes)
1743091703.299022 sending message 112 to peer 0x55c08cf96fe0 (12 bytes)
1743091703.299024 sending message 112 to peer 0x55c08cf96fe0 (11 bytes)
1743091703.299027 sending message 112 to peer 0x55c08cf96fe0 (12 bytes)
1743091703.299028 sending message 112 to peer 0x55c08cf96fe0 (12 bytes)
1743091703.299030 sending message 112 to peer 0x55c08cf96fe0 (13 bytes)
1743091703.299032 sending message 112 to peer 0x55c08cf96fe0 (13 bytes)
1743091703.299034 sending message 112 to peer 0x55c08cf96fe0 (13 bytes)
1743091703.299036 sending message 112 to peer 0x55c08cf96fe0 (13 bytes)
1743091703.299038 sending message 112 to peer 0x55c08cf96fe0 (13 bytes)
1743091703.299040 sending message 112 to peer 0x55c08cf96fe0 (10 bytes)
1743091703.299042 sending message 112 to peer 0x55c08cf96fe0 (9 bytes)
1743091703.299044 sending message 112 to peer 0x55c08cf96fe0 (12 bytes)
1743091703.299046 sending message 112 to peer 0x55c08cf96fe0 (13 bytes)
1743091703.299048 sending message 112 to peer 0x55c08cf96fe0 (13 bytes)
1743091703.299050 sending message 112 to peer 0x55c08cf96fe0 (13 bytes)
1743091703.299052 sending message 112 to peer 0x55c08cf96fe0 (13 bytes)
1743091703.299054 sending message 112 to peer 0x55c08cf96fe0 (13 bytes)
1743091703.299058 sending message 112 to peer 0x55c08cf96fe0 (9 bytes)
1743091703.299060 sending message 112 to peer 0x55c08cf96fe0 (12 bytes)
1743091703.299063 sending message 112 to peer 0x55c08cf96fe0 (13 bytes)
1743091703.299064 sending message 112 to peer 0x55c08cf96fe0 (13 bytes)
1743091703.299067 sending message 112 to peer 0x55c08cf96fe0 (13 bytes)
1743091703.299069 sending message 112 to peer 0x55c08cf96fe0 (13 bytes)
1743091703.299070 sending message 112 to peer 0x55c08cf96fe0 (13 bytes)
1743091703.299073 sending message 112 to peer 0x55c08cf96fe0 (11 bytes)
1743091703.299074 sending message 112 to peer 0x55c08cf96fe0 (12 bytes)
1743091703.299076 sending message 112 to peer 0x55c08cf96fe0 (13 bytes)
1743091703.299078 sending message 112 to peer 0x55c08cf96fe0 (13 bytes)
1743091703.299080 sending message 112 to peer 0x55c08cf96fe0 (13 bytes)
1743091703.299082 sending message 112 to peer 0x55c08cf96fe0 (13 bytes)
1743091703.299084 sending message 112 to peer 0x55c08cf96fe0 (13 bytes)
1743091703.299086 sending message 112 to peer 0x55c08cf96fe0 (11 bytes)
1743091703.299088 sending message 112 to peer 0x55c08cf96fe0 (12 bytes)
1743091703.299090 sending message 112 to peer 0x55c08cf96fe0 (12 bytes)
1743091703.299093 sending message 112 to peer 0x55c08cf96fe0 (12 bytes)
1743091703.299095 sending message 112 to peer 0x55c08cf96fe0 (12 bytes)
1743091703.299097 sending message 112 to peer 0x55c08cf96fe0 (12 bytes)
1743091703.299099 sending message 112 to peer 0x55c08cf96fe0 (21 bytes)
1743091703.299101 sending message 112 to peer 0x55c08cf96fe0 (12 bytes)
1743091703.299103 sending message 112 to peer 0x55c08cf96fe0 (9 bytes)
1743091703.299105 sending message 112 to peer 0x55c08cf96fe0 (6 bytes)
1743091703.299107 sending message 112 to peer 0x55c08cf96fe0 (13 bytes)
1743091703.299109 sending message 112 to peer 0x55c08cf96fe0 (10 bytes)
1743091703.299111 sending message 112 to peer 0x55c08cf96fe0 (24 bytes)
1743091703.299113 sending message 112 to peer 0x55c08cf96fe0 (13 bytes)
1743091703.299116 sending message 112 to peer 0x55c08cf96fe0 (9 bytes)
1743091703.299118 sending message 112 to peer 0x55c08cf96fe0 (70 bytes)
1743091703.299120 sending message 112 to peer 0x55c08cf96fe0 (69 bytes)
1743091703.299122 sending message 112 to peer 0x55c08cf96fe0 (12 bytes)
1743091703.299124 sending message 112 to peer 0x55c08cf96fe0 (10 bytes)
1743091703.299126 sending message 112 to peer 0x55c08cf96fe0 (10 bytes)
1743091703.299128 sending message 112 to peer 0x55c08cf96fe0 (24 bytes)
1743091703.299130 sending message 112 to peer 0x55c08cf96fe0 (13 bytes)
1743091703.299132 sending message 112 to peer 0x55c08cf96fe0 (10 bytes)
1743091703.299134 sending message 112 to peer 0x55c08cf96fe0 (10 bytes)
1743091703.299136 sending message 112 to peer 0x55c08cf96fe0 (17 bytes)
1743091703.299138 sending message 112 to peer 0x55c08cf96fe0 (10 bytes)
1743091703.299140 sending message 112 to peer 0x55c08cf96fe0 (13 bytes)
1743091703.299142 sending message 112 to peer 0x55c08cf96fe0 (9 bytes)
1743091703.299144 sending message 112 to peer 0x55c08cf96fe0 (15 bytes)
1743091703.299146 sending message 112 to peer 0x55c08cf96fe0 (5 bytes)
1743091703.299149 sending message 104 to peer 0x55c08cf96fe0 (0 bytes)
1743091703.299152 sending message 110 to peer 0x55c08cf96fe0 (0 bytes)
1743091703.299155 sending message 107 to peer 0x55c08cf96fe0 (4 bytes)
1743091703.299157 sending message 105 to peer 0x55c08cf96fe0 (27 bytes)
1743091703.299159 sending message 105 to peer 0x55c08cf96fe0 (20 bytes)
1743091703.299161 sending message 105 to peer 0x55c08cf96fe0 (54 bytes)
1743091703.299164 sending message 105 to peer 0x55c08cf96fe0 (50 bytes)
1743091703.299166 sending message 105 to peer 0x55c08cf96fe0 (11 bytes)
1743091703.299168 sending message 105 to peer 0x55c08cf96fe0 (28 bytes)
1743091703.299170 sending message 105 to peer 0x55c08cf96fe0 (14 bytes)
1743091703.299172 sending message 105 to peer 0x55c08cf96fe0 (67 bytes)
1743091703.299174 sending message 105 to peer 0x55c08cf96fe0 (12 bytes)
1743091703.299176 sending message 105 to peer 0x55c08cf96fe0 (25 bytes)
1743091703.299180 sending message 105 to peer 0x55c08cf96fe0 (41 bytes)
1743091703.299182 sending message 105 to peer 0x55c08cf96fe0 (36 bytes)
1743091703.299184 sending message 105 to peer 0x55c08cf96fe0 (23 bytes)
1743091703.299186 sending message 105 to peer 0x55c08cf96fe0 (64 bytes)
1743091703.299189 sending message 105 to peer 0x55c08cf96fe0 (16 bytes)
1743091703.299191 sending message 105 to peer 0x55c08cf96fe0 (22 bytes)
1743091703.299193 sending message 105 to peer 0x55c08cf96fe0 (91 bytes)
1743091703.299195 sending message 105 to peer 0x55c08cf96fe0 (39 bytes)
1743091703.299197 sending message 105 to peer 0x55c08cf96fe0 (75 bytes)
1743091703.299199 sending message 105 to peer 0x55c08cf96fe0 (17 bytes)
1743091703.299201 sending message 105 to peer 0x55c08cf96fe0 (13 bytes)
1743091703.299203 sending message 105 to peer 0x55c08cf96fe0 (26 bytes)
1743091703.299205 sending message 105 to peer 0x55c08cf96fe0 (15 bytes)
1743091703.299208 sending message 105 to peer 0x55c08cf96fe0 (21 bytes)
1743091703.299210 sending message 105 to peer 0x55c08cf96fe0 (27 bytes)
1743091703.299212 sending message 105 to peer 0x55c08cf96fe0 (39 bytes)
1743091703.299214 sending message 105 to peer 0x55c08cf96fe0 (23 bytes)
1743091703.299216 sending message 105 to peer 0x55c08cf96fe0 (314 bytes)
1743091703.299219 sending message 105 to peer 0x55c08cf96fe0 (33 bytes)
1743091703.299221 sending message 105 to peer 0x55c08cf96fe0 (47 bytes)
1743091703.299223 sending message 105 to peer 0x55c08cf96fe0 (30 bytes)
1743091703.299225 sending message 105 to peer 0x55c08cf96fe0 (28 bytes)
1743091703.299227 sending message 105 to peer 0x55c08cf96fe0 (27 bytes)
1743091703.299229 sending message 105 to peer 0x55c08cf96fe0 (38 bytes)
1743091703.299231 sending message 105 to peer 0x55c08cf96fe0 (17 bytes)
1743091703.299233 sending message 105 to peer 0x55c08cf96fe0 (15 bytes)
1743091703.299235 sending message 105 to peer 0x55c08cf96fe0 (8 bytes)
1743091703.299238 sending message 105 to peer 0x55c08cf96fe0 (46 bytes)
1743091703.299240 sending message 105 to peer 0x55c08cf96fe0 (38 bytes)
1743091703.299242 sending message 105 to peer 0x55c08cf96fe0 (19 bytes)
1743091703.299244 sending message 105 to peer 0x55c08cf96fe0 (41 bytes)
1743091703.299246 sending message 105 to peer 0x55c08cf96fe0 (15 bytes)
1743091703.299248 sending message 105 to peer 0x55c08cf96fe0 (29 bytes)
1743091703.299250 sending message 105 to peer 0x55c08cf96fe0 (54 bytes)
1743091703.299253 sending message 105 to peer 0x55c08cf96fe0 (18 bytes)
1743091703.299255 sending message 105 to peer 0x55c08cf96fe0 (26 bytes)
1743091703.299257 sending message 105 to peer 0x55c08cf96fe0 (17 bytes)
1743091703.299259 sending message 105 to peer 0x55c08cf96fe0 (37 bytes)
1743091703.299261 sending message 105 to peer 0x55c08cf96fe0 (13 bytes)
1743091703.299263 sending message 105 to peer 0x55c08cf96fe0 (51 bytes)
1743091703.299265 sending message 105 to peer 0x55c08cf96fe0 (10 bytes)
1743091703.299267 sending message 105 to peer 0x55c08cf96fe0 (26 bytes)
1743091703.299269 sending message 105 to peer 0x55c08cf96fe0 (46 bytes)
1743091703.299271 sending message 105 to peer 0x55c08cf96fe0 (16 bytes)
1743091703.299273 sending message 105 to peer 0x55c08cf96fe0 (32 bytes)
1743091703.299275 sending message 105 to peer 0x55c08cf96fe0 (20 bytes)
1743091703.299277 sending message 105 to peer 0x55c08cf96fe0 (35 bytes)
1743091703.299279 sending message 105 to peer 0x55c08cf96fe0 (29 bytes)
1743091703.299282 sending message 105 to peer 0x55c08cf96fe0 (31 bytes)
1743091703.299284 sending message 105 to peer 0x55c08cf96fe0 (15 bytes)
1743091703.299286 sending message 105 to peer 0x55c08cf96fe0 (23 bytes)
1743091703.299288 sending message 105 to peer 0x55c08cf96fe0 (29 bytes)
1743091703.299290 sending message 105 to peer 0x55c08cf96fe0 (17 bytes)
1743091703.299292 sending message 105 to peer 0x55c08cf96fe0 (25 bytes)
1743091703.299294 sending message 105 to peer 0x55c08cf96fe0 (11 bytes)
1743091703.299296 sending message 105 to peer 0x55c08cf96fe0 (26 bytes)
1743091703.299298 sending message 105 to peer 0x55c08cf96fe0 (24 bytes)
1743091703.299302 sending message 105 to peer 0x55c08cf96fe0 (34 bytes)
1743091703.299304 sending message 105 to peer 0x55c08cf96fe0 (16 bytes)
1743091703.299306 sending message 105 to peer 0x55c08cf96fe0 (30 bytes)
1743091703.299308 sending message 106 to peer 0x55c08cf96fe0 (0 bytes)
1743091703.299349 sending message 200 to peer 0x55c08cf96fe0 (4 bytes)
1743091703.299351 client loop enter
1743091703.301252 peer 0x55c08cf96fe0 message 303
1743091703.301261 open write file 2 -
1743091703.301268 sending message 305 to peer 0x55c08cf96fe0 (8 bytes)
1743091703.301276 write check file 2
1743091703.301404 peer 0x55c08cf96fe0 message 304
1743091703.301408 write 58 to file 2
1743091703.301412 peer 0x55c08cf96fe0 message 203
1743091703.301414 file 2 58 bytes left
1743091703.301424 write check file 2
1743091703.301427 client loop exit
